<?xml version="1.0" encoding="UTF-8"?>
<!-- Generated by org.testng.reporters.JUnitReportReporter -->
<testsuite hostname="DESKTOP-79V4O45" failures="0" tests="1" name="com.cucumber.TestRunner.CreateDuplicateUserRunner" time="56.926" errors="0" timestamp="2024-02-13T17:50:48 IST" skipped="0">
  <testcase classname="com.cucumber.TestRunner.CreateDuplicateUserRunner" name="feature" time="56.926"/>
  <system-out>
    <![CDATA[About to begin executing following method : AbstractTestNGCucumberTests.feature
Completed executing following method : AbstractTestNGCucumberTests.feature
Test Method resides in com.cucumber.TestRunner.CreateDuplicateUserRunner
Test Method had the following parameters : nullAdministrator - Check the flow of Duplicate user,
Test Status: Pass]]>
  </system-out>
</testsuite> <!-- com.cucumber.TestRunner.CreateDuplicateUserRunner -->
